<?xml version="1.0" encoding="UTF-8"?>
<coverage generated="1770896302342" clover="3.2.0">
  <project timestamp="1770896302342" name="All files">
    <metrics statements="31" coveredstatements="28" conditionals="6" coveredconditionals="5" methods="11" coveredmethods="10" elements="48" coveredelements="43" complexity="0" loc="31" ncloc="31" packages="3" files="5" classes="5"/>
    <package name="src">
      <metrics statements="1" coveredstatements="1" conditionals="0" coveredconditionals="0" methods="0" coveredmethods="0"/>
      <file name="store.ts" path="C:\Users\ganesh.gujjeti2\Downloads\react-arch\src\store.ts">
        <metrics statements="1" coveredstatements="1" conditionals="0" coveredconditionals="0" methods="0" coveredmethods="0"/>
        <line num="4" count="1" type="stmt"/>
      </file>
    </package>
    <package name="src.features.products">
      <metrics statements="28" coveredstatements="25" conditionals="6" coveredconditionals="5" methods="10" coveredmethods="9"/>
      <file name="ProductsList.tsx" path="C:\Users\ganesh.gujjeti2\Downloads\react-arch\src\features\products\ProductsList.tsx">
        <metrics statements="11" coveredstatements="10" conditionals="6" coveredconditionals="5" methods="4" coveredmethods="4"/>
        <line num="9" count="1" type="stmt"/>
        <line num="11" count="3" type="stmt"/>
        <line num="12" count="6" type="stmt"/>
        <line num="15" count="3" type="stmt"/>
        <line num="16" count="1" type="stmt"/>
        <line num="21" count="3" type="cond" truecount="2" falsecount="0"/>
        <line num="22" count="1" type="stmt"/>
        <line num="26" count="2" type="cond" truecount="1" falsecount="1"/>
        <line num="27" count="0" type="stmt"/>
        <line num="30" count="2" type="stmt"/>
        <line num="39" count="20" type="stmt"/>
      </file>
      <file name="productsAPI.ts" path="C:\Users\ganesh.gujjeti2\Downloads\react-arch\src\features\products\productsAPI.ts">
        <metrics statements="6" coveredstatements="6" conditionals="0" coveredconditionals="0" methods="1" coveredmethods="1"/>
        <line num="4" count="2" type="stmt"/>
        <line num="6" count="3" type="stmt"/>
        <line num="7" count="3" type="stmt"/>
        <line num="8" count="2" type="stmt"/>
        <line num="10" count="1" type="stmt"/>
        <line num="11" count="1" type="stmt"/>
      </file>
      <file name="productsSlice.ts" path="C:\Users\ganesh.gujjeti2\Downloads\react-arch\src\features\products\productsSlice.ts">
        <metrics statements="11" coveredstatements="9" conditionals="0" coveredconditionals="0" methods="5" coveredmethods="4"/>
        <line num="6" count="1" type="stmt"/>
        <line num="7" count="1" type="stmt"/>
        <line num="8" count="1" type="stmt"/>
        <line num="17" count="1" type="stmt"/>
        <line num="23" count="1" type="stmt"/>
        <line num="32" count="1" type="stmt"/>
        <line num="33" count="1" type="stmt"/>
        <line num="36" count="1" type="stmt"/>
        <line num="37" count="1" type="stmt"/>
        <line num="40" count="0" type="stmt"/>
        <line num="41" count="0" type="stmt"/>
      </file>
    </package>
    <package name="src.features.products.components">
      <metrics statements="2" coveredstatements="2" conditionals="0" coveredconditionals="0" methods="1" coveredmethods="1"/>
      <file name="Card.tsx" path="C:\Users\ganesh.gujjeti2\Downloads\react-arch\src\features\products\components\Card.tsx">
        <metrics statements="2" coveredstatements="2" conditionals="0" coveredconditionals="0" methods="1" coveredmethods="1"/>
        <line num="3" count="1" type="stmt"/>
        <line num="4" count="20" type="stmt"/>
      </file>
    </package>
  </project>
</coverage>
