{"C:\\Users\\ganesh.gujjeti2\\Downloads\\react-arch\\src\\store.ts": {"path":"C:\\Users\\ganesh.gujjeti2\\Downloads\\react-arch\\src\\store.ts","statementMap":{"0":{"start":{"line":4,"column":13},"end":{"line":8,"column":null}}},"fnMap":{},"branchMap":{},"s":{"0":1},"f":{},"b":{},"meta":{"lastBranch":0,"lastFunction":0,"lastStatement":1,"seen":{"s:4:13:8:Infinity":0}}}
,"C:\\Users\\ganesh.gujjeti2\\Downloads\\react-arch\\src\\features\\products\\ProductsList.tsx": {"path":"C:\\Users\\ganesh.gujjeti2\\Downloads\\react-arch\\src\\features\\products\\ProductsList.tsx","statementMap":{"0":{"start":{"line":9,"column":22},"end":{"line":50,"column":null}},"1":{"start":{"line":11,"column":8},"end":{"line":11,"column":null}},"2":{"start":{"line":12,"column":30},"end":{"line":12,"column":null}},"3":{"start":{"line":12,"column":68},"end":{"line":12,"column":82}},"4":{"start":{"line":15,"column":0},"end":{"line":19,"column":null}},"5":{"start":{"line":16,"column":2},"end":{"line":16,"column":null}},"6":{"start":{"line":21,"column":0},"end":{"line":23,"column":null}},"7":{"start":{"line":22,"column":4},"end":{"line":22,"column":null}},"8":{"start":{"line":26,"column":0},"end":{"line":28,"column":null}},"9":{"start":{"line":27,"column":4},"end":{"line":27,"column":null}},"10":{"start":{"line":30,"column":2},"end":{"line":48,"column":null}},"11":{"start":{"line":39,"column":16},"end":{"line":44,"column":null}}},"fnMap":{"0":{"name":"(anonymous_0)","decl":{"start":{"line":9,"column":22},"end":{"line":9,"column":28}},"loc":{"start":{"line":9,"column":28},"end":{"line":50,"column":null}},"line":9},"1":{"name":"(anonymous_1)","decl":{"start":{"line":12,"column":46},"end":{"line":12,"column":47}},"loc":{"start":{"line":12,"column":68},"end":{"line":12,"column":82}},"line":12},"2":{"name":"(anonymous_2)","decl":{"start":{"line":15,"column":10},"end":{"line":15,"column":16}},"loc":{"start":{"line":15,"column":16},"end":{"line":19,"column":3}},"line":15},"3":{"name":"(anonymous_3)","decl":{"start":{"line":38,"column":29},"end":{"line":38,"column":30}},"loc":{"start":{"line":38,"column":58},"end":{"line":45,"column":13}},"line":38}},"branchMap":{"0":{"loc":{"start":{"line":21,"column":0},"end":{"line":23,"column":null}},"type":"if","locations":[{"start":{"line":21,"column":0},"end":{"line":23,"column":null}},{"start":{},"end":{}}],"line":21},"1":{"loc":{"start":{"line":26,"column":0},"end":{"line":28,"column":null}},"type":"if","locations":[{"start":{"line":26,"column":0},"end":{"line":28,"column":null}},{"start":{},"end":{}}],"line":26},"2":{"loc":{"start":{"line":38,"column":12},"end":{"line":45,"column":null}},"type":"binary-expr","locations":[{"start":{"line":38,"column":12},"end":{"line":38,"column":20}},{"start":{"line":38,"column":20},"end":{"line":45,"column":null}}],"line":38}},"s":{"0":1,"1":3,"2":3,"3":6,"4":3,"5":1,"6":3,"7":1,"8":2,"9":0,"10":2,"11":20},"f":{"0":3,"1":6,"2":1,"3":20},"b":{"0":[1,2],"1":[0,2],"2":[2,2]},"meta":{"lastBranch":3,"lastFunction":4,"lastStatement":12,"seen":{"s:9:22:50:Infinity":0,"f:9:22:9:28":0,"s:11:8:11:Infinity":1,"s:12:30:12:Infinity":2,"f:12:46:12:47":1,"s:12:68:12:82":3,"s:15:0:19:Infinity":4,"f:15:10:15:16":2,"s:16:2:16:Infinity":5,"b:21:0:23:Infinity:undefined:undefined:undefined:undefined":0,"s:21:0:23:Infinity":6,"s:22:4:22:Infinity":7,"b:26:0:28:Infinity:undefined:undefined:undefined:undefined":1,"s:26:0:28:Infinity":8,"s:27:4:27:Infinity":9,"s:30:2:48:Infinity":10,"b:38:12:38:20:38:20:45:Infinity":2,"f:38:29:38:30":3,"s:39:16:44:Infinity":11}}}
,"C:\\Users\\ganesh.gujjeti2\\Downloads\\react-arch\\src\\features\\products\\productsAPI.ts": {"path":"C:\\Users\\ganesh.gujjeti2\\Downloads\\react-arch\\src\\features\\products\\productsAPI.ts","statementMap":{"0":{"start":{"line":4,"column":27},"end":{"line":14,"column":null}},"1":{"start":{"line":6,"column":4},"end":{"line":12,"column":null}},"2":{"start":{"line":7,"column":25},"end":{"line":7,"column":null}},"3":{"start":{"line":8,"column":8},"end":{"line":8,"column":null}},"4":{"start":{"line":10,"column":8},"end":{"line":10,"column":null}},"5":{"start":{"line":11,"column":8},"end":{"line":11,"column":null}}},"fnMap":{"0":{"name":"(anonymous_0)","decl":{"start":{"line":4,"column":27},"end":{"line":4,"column":38}},"loc":{"start":{"line":4,"column":38},"end":{"line":14,"column":null}},"line":4}},"branchMap":{},"s":{"0":2,"1":3,"2":3,"3":2,"4":1,"5":1},"f":{"0":3},"b":{},"meta":{"lastBranch":0,"lastFunction":1,"lastStatement":6,"seen":{"s:4:27:14:Infinity":0,"f:4:27:4:38":0,"s:6:4:12:Infinity":1,"s:7:25:7:Infinity":2,"s:8:8:8:Infinity":3,"s:10:8:10:Infinity":4,"s:11:8:11:Infinity":5}}}
,"C:\\Users\\ganesh.gujjeti2\\Downloads\\react-arch\\src\\features\\products\\productsSlice.ts": {"path":"C:\\Users\\ganesh.gujjeti2\\Downloads\\react-arch\\src\\features\\products\\productsSlice.ts","statementMap":{"0":{"start":{"line":6,"column":13},"end":{"line":9,"column":null}},"1":{"start":{"line":7,"column":25},"end":{"line":7,"column":null}},"2":{"start":{"line":8,"column":8},"end":{"line":8,"column":null}},"3":{"start":{"line":17,"column":35},"end":{"line":21,"column":null}},"4":{"start":{"line":23,"column":13},"end":{"line":44,"column":null}},"5":{"start":{"line":32,"column":8},"end":{"line":42,"column":null}},"6":{"start":{"line":33,"column":12},"end":{"line":33,"column":null}},"7":{"start":{"line":36,"column":8},"end":{"line":36,"column":null}},"8":{"start":{"line":37,"column":9},"end":{"line":37,"column":null}},"9":{"start":{"line":40,"column":8},"end":{"line":40,"column":null}},"10":{"start":{"line":41,"column":8},"end":{"line":41,"column":null}}},"fnMap":{"0":{"name":"(anonymous_0)","decl":{"start":{"line":6,"column":77},"end":{"line":6,"column":88}},"loc":{"start":{"line":6,"column":88},"end":{"line":9,"column":1}},"line":6},"1":{"name":"(anonymous_1)","decl":{"start":{"line":31,"column":19},"end":{"line":31,"column":20}},"loc":{"start":{"line":31,"column":31},"end":{"line":43,"column":null}},"line":31},"2":{"name":"(anonymous_2)","decl":{"start":{"line":32,"column":49},"end":{"line":32,"column":50}},"loc":{"start":{"line":32,"column":59},"end":{"line":34,"column":9}},"line":32},"3":{"name":"(anonymous_3)","decl":{"start":{"line":35,"column":50},"end":{"line":35,"column":51}},"loc":{"start":{"line":35,"column":69},"end":{"line":38,"column":5}},"line":35},"4":{"name":"(anonymous_4)","decl":{"start":{"line":39,"column":45},"end":{"line":39,"column":46}},"loc":{"start":{"line":39,"column":55},"end":{"line":42,"column":5}},"line":39}},"branchMap":{},"s":{"0":1,"1":1,"2":1,"3":1,"4":1,"5":1,"6":1,"7":1,"8":1,"9":0,"10":0},"f":{"0":1,"1":1,"2":1,"3":1,"4":0},"b":{},"meta":{"lastBranch":0,"lastFunction":5,"lastStatement":11,"seen":{"s:6:13:9:Infinity":0,"f:6:77:6:88":0,"s:7:25:7:Infinity":1,"s:8:8:8:Infinity":2,"s:17:35:21:Infinity":3,"s:23:13:44:Infinity":4,"f:31:19:31:20":1,"s:32:8:42:Infinity":5,"f:32:49:32:50":2,"s:33:12:33:Infinity":6,"f:35:50:35:51":3,"s:36:8:36:Infinity":7,"s:37:9:37:Infinity":8,"f:39:45:39:46":4,"s:40:8:40:Infinity":9,"s:41:8:41:Infinity":10}}}
,"C:\\Users\\ganesh.gujjeti2\\Downloads\\react-arch\\src\\features\\products\\components\\Card.tsx": {"path":"C:\\Users\\ganesh.gujjeti2\\Downloads\\react-arch\\src\\features\\products\\components\\Card.tsx","statementMap":{"0":{"start":{"line":3,"column":13},"end":{"line":9,"column":null}},"1":{"start":{"line":4,"column":2},"end":{"line":7,"column":null}}},"fnMap":{"0":{"name":"(anonymous_0)","decl":{"start":{"line":3,"column":13},"end":{"line":3,"column":14}},"loc":{"start":{"line":3,"column":50},"end":{"line":9,"column":null}},"line":3}},"branchMap":{},"s":{"0":1,"1":20},"f":{"0":20},"b":{},"meta":{"lastBranch":0,"lastFunction":1,"lastStatement":2,"seen":{"s:3:13:9:Infinity":0,"f:3:13:3:14":0,"s:4:2:7:Infinity":1}}}
}
